<?xml version="1.0" encoding="UTF-8"?>
<!-- Generated by org.testng.reporters.JUnitReportReporter -->
<testsuite hostname="DESKTOP-KIS4N2E" failures="0" tests="1" name="test.NewTest" time="4.434" errors="0" timestamp="2023-06-30T08:30:47 IST" skipped="0">
  <testcase classname="test.NewTest" name="f" time="4.434"/>
</testsuite> <!-- test.NewTest -->
